2018/07/24 12:46:01	INFO:	./proteios_sounds.py -o sounds_proteins/ -t 100 -m blues -d P10145
2018/07/24 12:46:02	DEBUG:	FREE:
2018/07/24 12:46:02	DEBUG:		position: 1    	AA: M    	note: 64                  	time: 0    	duration: 1    
2018/07/24 12:46:02	DEBUG:			channel: 0    	volume: 50   
2018/07/24 12:46:02	DEBUG:			channel: 1    	volume: 50   
2018/07/24 12:46:02	DEBUG:			channel: 2    	volume: 50   
2018/07/24 12:46:02	DEBUG:		position: 2    	AA: T    	note: [51 , 55 , 58 , 62] 	time: 1    	duration: 1    
2018/07/24 12:46:02	DEBUG:			channel: 0    	volume: 50   
2018/07/24 12:46:02	DEBUG:			channel: 1    	volume: 50   
2018/07/24 12:46:02	DEBUG:			channel: 2    	volume: 50   
2018/07/24 12:46:02	DEBUG:		position: 3    	AA: S    	note: [48 , 50 , 52 , 57] 	time: 2    	duration: 1    
2018/07/24 12:46:02	DEBUG:			channel: 0    	volume: 50   
2018/07/24 12:46:02	DEBUG:			channel: 1    	volume: 50   
2018/07/24 12:46:02	DEBUG:			channel: 2    	volume: 50   
2018/07/24 12:46:02	DEBUG:		position: 4    	AA: K    	note: 62                  	time: 3    	duration: 1    
2018/07/24 12:46:02	DEBUG:			channel: 0    	volume: 50   
2018/07/24 12:46:02	DEBUG:			channel: 1    	volume: 50   
2018/07/24 12:46:02	DEBUG:			channel: 2    	volume: 50   
2018/07/24 12:46:02	DEBUG:		position: 5    	AA: L    	note: 63                  	time: 4    	duration: 1    
2018/07/24 12:46:02	DEBUG:			channel: 0    	volume: 50   
2018/07/24 12:46:02	DEBUG:			channel: 1    	volume: 50   
2018/07/24 12:46:02	DEBUG:			channel: 2    	volume: 50   
2018/07/24 12:46:02	DEBUG:		position: 6    	AA: A    	note: 48                  	time: 5    	duration: 1    
2018/07/24 12:46:02	DEBUG:			channel: 0    	volume: 50   
2018/07/24 12:46:02	DEBUG:			channel: 1    	volume: 50   
2018/07/24 12:46:02	DEBUG:			channel: 2    	volume: 50   
2018/07/24 12:46:02	DEBUG:		position: 7    	AA: V    	note: [50 , 52 , 55 , 58] 	time: 6    	duration: 1    
2018/07/24 12:46:02	DEBUG:			channel: 0    	volume: 50   
2018/07/24 12:46:02	DEBUG:			channel: 1    	volume: 50   
2018/07/24 12:46:02	DEBUG:			channel: 2    	volume: 50   
2018/07/24 12:46:02	DEBUG:		position: 8    	AA: A    	note: 48                  	time: 7    	duration: 1    
2018/07/24 12:46:02	DEBUG:			channel: 0    	volume: 50   
2018/07/24 12:46:02	DEBUG:			channel: 1    	volume: 50   
2018/07/24 12:46:02	DEBUG:			channel: 2    	volume: 50   
2018/07/24 12:46:02	DEBUG:		position: 9    	AA: L    	note: 63                  	time: 8    	duration: 1    
2018/07/24 12:46:02	DEBUG:			channel: 0    	volume: 50   
2018/07/24 12:46:02	DEBUG:			channel: 1    	volume: 50   
2018/07/24 12:46:02	DEBUG:			channel: 2    	volume: 50   
2018/07/24 12:46:02	DEBUG:		position: 10   	AA: L    	note: 63                  	time: 9    	duration: 1    
2018/07/24 12:46:02	DEBUG:			channel: 0    	volume: 50   
2018/07/24 12:46:02	DEBUG:			channel: 1    	volume: 50   
2018/07/24 12:46:02	DEBUG:			channel: 2    	volume: 50   
2018/07/24 12:46:02	DEBUG:		position: 11   	AA: A    	note: 48                  	time: 10   	duration: 1    
2018/07/24 12:46:02	DEBUG:			channel: 0    	volume: 50   
2018/07/24 12:46:02	DEBUG:			channel: 1    	volume: 50   
2018/07/24 12:46:02	DEBUG:			channel: 2    	volume: 50   
2018/07/24 12:46:02	DEBUG:		position: 12   	AA: A    	note: 48                  	time: 11   	duration: 1    
2018/07/24 12:46:02	DEBUG:			channel: 0    	volume: 50   
2018/07/24 12:46:02	DEBUG:			channel: 1    	volume: 50   
2018/07/24 12:46:02	DEBUG:			channel: 2    	volume: 50   
2018/07/24 12:46:02	DEBUG:		position: 13   	AA: F    	note: 55                  	time: 12   	duration: 1    
2018/07/24 12:46:02	DEBUG:			channel: 0    	volume: 50   
2018/07/24 12:46:02	DEBUG:			channel: 1    	volume: 50   
2018/07/24 12:46:02	DEBUG:			channel: 2    	volume: 50   
2018/07/24 12:46:02	DEBUG:		position: 14   	AA: L    	note: 63                  	time: 13   	duration: 1    
2018/07/24 12:46:02	DEBUG:			channel: 0    	volume: 50   
2018/07/24 12:46:02	DEBUG:			channel: 1    	volume: 50   
2018/07/24 12:46:02	DEBUG:			channel: 2    	volume: 50   
2018/07/24 12:46:02	DEBUG:		position: 15   	AA: I    	note: 60                  	time: 14   	duration: 1    
2018/07/24 12:46:02	DEBUG:			channel: 0    	volume: 50   
2018/07/24 12:46:02	DEBUG:			channel: 1    	volume: 50   
2018/07/24 12:46:02	DEBUG:			channel: 2    	volume: 50   
2018/07/24 12:46:02	DEBUG:		position: 16   	AA: S    	note: [48 , 50 , 52 , 57] 	time: 15   	duration: 1    
2018/07/24 12:46:02	DEBUG:			channel: 0    	volume: 50   
2018/07/24 12:46:02	DEBUG:			channel: 1    	volume: 50   
2018/07/24 12:46:02	DEBUG:			channel: 2    	volume: 50   
2018/07/24 12:46:02	DEBUG:		position: 17   	AA: A    	note: 48                  	time: 16   	duration: 1    
2018/07/24 12:46:02	DEBUG:			channel: 0    	volume: 50   
2018/07/24 12:46:02	DEBUG:			channel: 1    	volume: 50   
2018/07/24 12:46:02	DEBUG:			channel: 2    	volume: 50   
2018/07/24 12:46:02	DEBUG:		position: 18   	AA: A    	note: 48                  	time: 17   	duration: 1    
2018/07/24 12:46:02	DEBUG:			channel: 0    	volume: 50   
2018/07/24 12:46:02	DEBUG:			channel: 1    	volume: 50   
2018/07/24 12:46:02	DEBUG:			channel: 2    	volume: 50   
2018/07/24 12:46:02	DEBUG:		position: 19   	AA: L    	note: 63                  	time: 18   	duration: 1    
2018/07/24 12:46:02	DEBUG:			channel: 0    	volume: 50   
2018/07/24 12:46:02	DEBUG:			channel: 1    	volume: 50   
2018/07/24 12:46:02	DEBUG:			channel: 2    	volume: 50   
2018/07/24 12:46:02	DEBUG:		position: 20   	AA: C    	note: 50                  	time: 19   	duration: 1    
2018/07/24 12:46:02	DEBUG:			channel: 0    	volume: 50   
2018/07/24 12:46:02	DEBUG:			channel: 1    	volume: 50   
2018/07/24 12:46:02	DEBUG:			channel: 2    	volume: 50   
2018/07/24 12:46:02	DEBUG:		position: 21   	AA: E    	note: 52                  	time: 20   	duration: 1    
2018/07/24 12:46:02	DEBUG:			channel: 0    	volume: 50   
2018/07/24 12:46:02	DEBUG:			channel: 1    	volume: 50   
2018/07/24 12:46:02	DEBUG:			channel: 2    	volume: 50   
2018/07/24 12:46:02	DEBUG:		position: 22   	AA: G    	note: 57                  	time: 21   	duration: 1    
2018/07/24 12:46:02	DEBUG:			channel: 0    	volume: 50   
2018/07/24 12:46:02	DEBUG:			channel: 1    	volume: 50   
2018/07/24 12:46:02	DEBUG:			channel: 2    	volume: 50   
2018/07/24 12:46:02	DEBUG:		position: 23   	AA: A    	note: 48                  	time: 22   	duration: 1    
2018/07/24 12:46:02	DEBUG:			channel: 0    	volume: 50   
2018/07/24 12:46:02	DEBUG:			channel: 1    	volume: 50   
2018/07/24 12:46:02	DEBUG:			channel: 2    	volume: 50   
2018/07/24 12:46:02	DEBUG:		position: 24   	AA: V    	note: [50 , 52 , 55 , 58] 	time: 23   	duration: 1    
2018/07/24 12:46:02	DEBUG:			channel: 0    	volume: 50   
2018/07/24 12:46:02	DEBUG:			channel: 1    	volume: 50   
2018/07/24 12:46:02	DEBUG:			channel: 2    	volume: 50   
2018/07/24 12:46:02	DEBUG:		position: 25   	AA: L    	note: 63                  	time: 24   	duration: 1    
2018/07/24 12:46:02	DEBUG:			channel: 0    	volume: 50   
2018/07/24 12:46:02	DEBUG:			channel: 1    	volume: 50   
2018/07/24 12:46:02	DEBUG:			channel: 2    	volume: 50   
2018/07/24 12:46:02	DEBUG:		position: 26   	AA: P    	note: 69                  	time: 25   	duration: 1    
2018/07/24 12:46:02	DEBUG:			channel: 0    	volume: 50   
2018/07/24 12:46:02	DEBUG:			channel: 1    	volume: 50   
2018/07/24 12:46:02	DEBUG:			channel: 2    	volume: 50   
2018/07/24 12:46:02	DEBUG:		position: 27   	AA: R    	note: [48 , 51 , 55 , 58] 	time: 26   	duration: 1    
2018/07/24 12:46:02	DEBUG:			channel: 0    	volume: 50   
2018/07/24 12:46:02	DEBUG:			channel: 1    	volume: 50   
2018/07/24 12:46:02	DEBUG:			channel: 2    	volume: 50   
2018/07/24 12:46:02	DEBUG:		position: 28   	AA: S    	note: [48 , 50 , 52 , 57] 	time: 27   	duration: 1    
2018/07/24 12:46:02	DEBUG:			channel: 0    	volume: 50   
2018/07/24 12:46:02	DEBUG:			channel: 1    	volume: 50   
2018/07/24 12:46:02	DEBUG:			channel: 2    	volume: 50   
2018/07/24 12:46:02	DEBUG:		position: 29   	AA: A    	note: 48                  	time: 28   	duration: 1    
2018/07/24 12:46:02	DEBUG:			channel: 0    	volume: 50   
2018/07/24 12:46:02	DEBUG:			channel: 1    	volume: 50   
2018/07/24 12:46:02	DEBUG:			channel: 2    	volume: 50   
2018/07/24 12:46:02	DEBUG:		position: 30   	AA: K    	note: 62                  	time: 29   	duration: 1    
2018/07/24 12:46:02	DEBUG:			channel: 0    	volume: 50   
2018/07/24 12:46:02	DEBUG:			channel: 1    	volume: 50   
2018/07/24 12:46:02	DEBUG:			channel: 2    	volume: 50   
2018/07/24 12:46:02	DEBUG:		position: 31   	AA: E    	note: 52                  	time: 30   	duration: 1    
2018/07/24 12:46:02	DEBUG:			channel: 0    	volume: 50   
2018/07/24 12:46:02	DEBUG:			channel: 1    	volume: 50   
2018/07/24 12:46:02	DEBUG:			channel: 2    	volume: 50   
2018/07/24 12:46:02	DEBUG:		position: 32   	AA: L    	note: 63                  	time: 31   	duration: 1    
2018/07/24 12:46:02	DEBUG:			channel: 0    	volume: 50   
2018/07/24 12:46:02	DEBUG:			channel: 1    	volume: 50   
2018/07/24 12:46:02	DEBUG:			channel: 2    	volume: 50   
2018/07/24 12:46:02	DEBUG:		position: 33   	AA: R    	note: [48 , 51 , 55 , 58] 	time: 32   	duration: 1    
2018/07/24 12:46:02	DEBUG:			channel: 0    	volume: 50   
2018/07/24 12:46:02	DEBUG:			channel: 1    	volume: 50   
2018/07/24 12:46:02	DEBUG:			channel: 2    	volume: 50   
2018/07/24 12:46:02	DEBUG:		position: 34   	AA: C    	note: 50                  	time: 33   	duration: 1    
2018/07/24 12:46:02	DEBUG:			channel: 0    	volume: 50   
2018/07/24 12:46:02	DEBUG:			channel: 1    	volume: 50   
2018/07/24 12:46:02	DEBUG:			channel: 2    	volume: 50   
2018/07/24 12:46:02	DEBUG:		position: 35   	AA: Q    	note: 70                  	time: 34   	duration: 1    
2018/07/24 12:46:02	DEBUG:			channel: 0    	volume: 50   
2018/07/24 12:46:02	DEBUG:			channel: 1    	volume: 50   
2018/07/24 12:46:02	DEBUG:			channel: 2    	volume: 50   
2018/07/24 12:46:02	DEBUG:		position: 36   	AA: C    	note: 50                  	time: 35   	duration: 1    
2018/07/24 12:46:02	DEBUG:			channel: 0    	volume: 50   
2018/07/24 12:46:02	DEBUG:			channel: 1    	volume: 50   
2018/07/24 12:46:02	DEBUG:			channel: 2    	volume: 50   
2018/07/24 12:46:02	DEBUG:	STRAND:
2018/07/24 12:46:02	DEBUG:		position: 37   	AA: I    	note: 60                  	time: 36   	duration: 1    
2018/07/24 12:46:02	DEBUG:			channel: 0    	volume: 60   
2018/07/24 12:46:02	DEBUG:			channel: 1    	volume: 40   
2018/07/24 12:46:02	DEBUG:			channel: 2    	volume: 100  
2018/07/24 12:46:02	DEBUG:		position: 38   	AA: K    	note: 62                  	time: 37   	duration: 1    
2018/07/24 12:46:02	DEBUG:			channel: 0    	volume: 60   
2018/07/24 12:46:02	DEBUG:			channel: 1    	volume: 40   
2018/07/24 12:46:02	DEBUG:			channel: 2    	volume: 100  
2018/07/24 12:46:02	DEBUG:		position: 39   	AA: T    	note: [51 , 55 , 58 , 62] 	time: 38   	duration: 1    
2018/07/24 12:46:02	DEBUG:			channel: 0    	volume: 60   
2018/07/24 12:46:02	DEBUG:			channel: 1    	volume: 40   
2018/07/24 12:46:02	DEBUG:			channel: 2    	volume: 100  
2018/07/24 12:46:02	DEBUG:		position: 40   	AA: Y    	note: [50 , 52 , 57 , 58] 	time: 39   	duration: 1    
2018/07/24 12:46:02	DEBUG:			channel: 0    	volume: 60   
2018/07/24 12:46:02	DEBUG:			channel: 1    	volume: 40   
2018/07/24 12:46:02	DEBUG:			channel: 2    	volume: 100  
2018/07/24 12:46:02	DEBUG:		position: 41   	AA: S    	note: [48 , 50 , 52 , 57] 	time: 40   	duration: 1    
2018/07/24 12:46:02	DEBUG:			channel: 0    	volume: 60   
2018/07/24 12:46:02	DEBUG:			channel: 1    	volume: 40   
2018/07/24 12:46:02	DEBUG:			channel: 2    	volume: 100  
2018/07/24 12:46:02	DEBUG:		position: 42   	AA: K    	note: 62                  	time: 41   	duration: 1    
2018/07/24 12:46:02	DEBUG:			channel: 0    	volume: 60   
2018/07/24 12:46:02	DEBUG:			channel: 1    	volume: 40   
2018/07/24 12:46:02	DEBUG:			channel: 2    	volume: 100  
2018/07/24 12:46:02	DEBUG:	FREE:
2018/07/24 12:46:02	DEBUG:		position: 43   	AA: P    	note: 69                  	time: 42   	duration: 1    
2018/07/24 12:46:02	DEBUG:			channel: 0    	volume: 50   
2018/07/24 12:46:02	DEBUG:			channel: 1    	volume: 50   
2018/07/24 12:46:02	DEBUG:			channel: 2    	volume: 50   
2018/07/24 12:46:02	DEBUG:		position: 44   	AA: F    	note: 55                  	time: 43   	duration: 1    
2018/07/24 12:46:02	DEBUG:			channel: 0    	volume: 50   
2018/07/24 12:46:02	DEBUG:			channel: 1    	volume: 50   
2018/07/24 12:46:02	DEBUG:			channel: 2    	volume: 50   
2018/07/24 12:46:02	DEBUG:		position: 45   	AA: H    	note: 58                  	time: 44   	duration: 1    
2018/07/24 12:46:02	DEBUG:			channel: 0    	volume: 50   
2018/07/24 12:46:02	DEBUG:			channel: 1    	volume: 50   
2018/07/24 12:46:02	DEBUG:			channel: 2    	volume: 50   
2018/07/24 12:46:02	DEBUG:	HELIX:
2018/07/24 12:46:02	DEBUG:		position: 46   	AA: P    	note: 69                  	time: 45   	duration: 1    
2018/07/24 12:46:02	DEBUG:			channel: 0    	volume: 40   
2018/07/24 12:46:02	DEBUG:			channel: 1    	volume: 100  
2018/07/24 12:46:02	DEBUG:			channel: 2    	volume: 60   
2018/07/24 12:46:02	DEBUG:		position: 47   	AA: K    	note: 62                  	time: 46   	duration: 1    
2018/07/24 12:46:02	DEBUG:			channel: 0    	volume: 40   
2018/07/24 12:46:02	DEBUG:			channel: 1    	volume: 100  
2018/07/24 12:46:02	DEBUG:			channel: 2    	volume: 60   
2018/07/24 12:46:02	DEBUG:		position: 48   	AA: F    	note: 55                  	time: 47   	duration: 1    
2018/07/24 12:46:02	DEBUG:			channel: 0    	volume: 40   
2018/07/24 12:46:02	DEBUG:			channel: 1    	volume: 100  
2018/07/24 12:46:02	DEBUG:			channel: 2    	volume: 60   
2018/07/24 12:46:02	DEBUG:	STRAND:
2018/07/24 12:46:02	DEBUG:		position: 49   	AA: I    	note: 60                  	time: 48   	duration: 1    
2018/07/24 12:46:02	DEBUG:			channel: 0    	volume: 60   
2018/07/24 12:46:02	DEBUG:			channel: 1    	volume: 40   
2018/07/24 12:46:02	DEBUG:			channel: 2    	volume: 100  
2018/07/24 12:46:02	DEBUG:		position: 50   	AA: K    	note: 62                  	time: 49   	duration: 1    
2018/07/24 12:46:02	DEBUG:			channel: 0    	volume: 60   
2018/07/24 12:46:02	DEBUG:			channel: 1    	volume: 40   
2018/07/24 12:46:02	DEBUG:			channel: 2    	volume: 100  
2018/07/24 12:46:02	DEBUG:		position: 51   	AA: E    	note: 52                  	time: 50   	duration: 1    
2018/07/24 12:46:02	DEBUG:			channel: 0    	volume: 60   
2018/07/24 12:46:02	DEBUG:			channel: 1    	volume: 40   
2018/07/24 12:46:02	DEBUG:			channel: 2    	volume: 100  
2018/07/24 12:46:02	DEBUG:		position: 52   	AA: L    	note: 63                  	time: 51   	duration: 1    
2018/07/24 12:46:02	DEBUG:			channel: 0    	volume: 60   
2018/07/24 12:46:02	DEBUG:			channel: 1    	volume: 40   
2018/07/24 12:46:02	DEBUG:			channel: 2    	volume: 100  
2018/07/24 12:46:02	DEBUG:		position: 53   	AA: R    	note: [48 , 51 , 55 , 58] 	time: 52   	duration: 1    
2018/07/24 12:46:02	DEBUG:			channel: 0    	volume: 60   
2018/07/24 12:46:02	DEBUG:			channel: 1    	volume: 40   
2018/07/24 12:46:02	DEBUG:			channel: 2    	volume: 100  
2018/07/24 12:46:02	DEBUG:		position: 54   	AA: V    	note: [50 , 52 , 55 , 58] 	time: 53   	duration: 1    
2018/07/24 12:46:02	DEBUG:			channel: 0    	volume: 60   
2018/07/24 12:46:02	DEBUG:			channel: 1    	volume: 40   
2018/07/24 12:46:02	DEBUG:			channel: 2    	volume: 100  
2018/07/24 12:46:02	DEBUG:		position: 55   	AA: I    	note: 60                  	time: 54   	duration: 1    
2018/07/24 12:46:02	DEBUG:			channel: 0    	volume: 60   
2018/07/24 12:46:02	DEBUG:			channel: 1    	volume: 40   
2018/07/24 12:46:02	DEBUG:			channel: 2    	volume: 100  
2018/07/24 12:46:02	DEBUG:	FREE:
2018/07/24 12:46:02	DEBUG:		position: 56   	AA: E    	note: 52                  	time: 55   	duration: 1    
2018/07/24 12:46:02	DEBUG:			channel: 0    	volume: 50   
2018/07/24 12:46:02	DEBUG:			channel: 1    	volume: 50   
2018/07/24 12:46:02	DEBUG:			channel: 2    	volume: 50   
2018/07/24 12:46:02	DEBUG:		position: 57   	AA: S    	note: [48 , 50 , 52 , 57] 	time: 56   	duration: 1    
2018/07/24 12:46:02	DEBUG:			channel: 0    	volume: 50   
2018/07/24 12:46:02	DEBUG:			channel: 1    	volume: 50   
2018/07/24 12:46:02	DEBUG:			channel: 2    	volume: 50   
2018/07/24 12:46:02	DEBUG:	STRAND:
2018/07/24 12:46:02	DEBUG:		position: 58   	AA: G    	note: 57                  	time: 57   	duration: 1    
2018/07/24 12:46:02	DEBUG:			channel: 0    	volume: 60   
2018/07/24 12:46:02	DEBUG:			channel: 1    	volume: 40   
2018/07/24 12:46:02	DEBUG:			channel: 2    	volume: 100  
2018/07/24 12:46:02	DEBUG:		position: 59   	AA: P    	note: 69                  	time: 58   	duration: 1    
2018/07/24 12:46:02	DEBUG:			channel: 0    	volume: 60   
2018/07/24 12:46:02	DEBUG:			channel: 1    	volume: 40   
2018/07/24 12:46:02	DEBUG:			channel: 2    	volume: 100  
2018/07/24 12:46:02	DEBUG:		position: 60   	AA: H    	note: 58                  	time: 59   	duration: 1    
2018/07/24 12:46:02	DEBUG:			channel: 0    	volume: 60   
2018/07/24 12:46:02	DEBUG:			channel: 1    	volume: 40   
2018/07/24 12:46:02	DEBUG:			channel: 2    	volume: 100  
2018/07/24 12:46:02	DEBUG:	STRAND:
2018/07/24 12:46:02	DEBUG:		position: 61   	AA: C    	note: 50                  	time: 60   	duration: 1    
2018/07/24 12:46:02	DEBUG:			channel: 0    	volume: 60   
2018/07/24 12:46:02	DEBUG:			channel: 1    	volume: 40   
2018/07/24 12:46:02	DEBUG:			channel: 2    	volume: 100  
2018/07/24 12:46:02	DEBUG:		position: 62   	AA: A    	note: 48                  	time: 61   	duration: 1    
2018/07/24 12:46:02	DEBUG:			channel: 0    	volume: 60   
2018/07/24 12:46:02	DEBUG:			channel: 1    	volume: 40   
2018/07/24 12:46:02	DEBUG:			channel: 2    	volume: 100  
2018/07/24 12:46:02	DEBUG:		position: 63   	AA: N    	note: 67                  	time: 62   	duration: 1    
2018/07/24 12:46:02	DEBUG:			channel: 0    	volume: 60   
2018/07/24 12:46:02	DEBUG:			channel: 1    	volume: 40   
2018/07/24 12:46:02	DEBUG:			channel: 2    	volume: 100  
2018/07/24 12:46:02	DEBUG:	FREE:
2018/07/24 12:46:02	DEBUG:		position: 64   	AA: T    	note: [51 , 55 , 58 , 62] 	time: 63   	duration: 1    
2018/07/24 12:46:02	DEBUG:			channel: 0    	volume: 50   
2018/07/24 12:46:02	DEBUG:			channel: 1    	volume: 50   
2018/07/24 12:46:02	DEBUG:			channel: 2    	volume: 50   
2018/07/24 12:46:02	DEBUG:	STRAND:
2018/07/24 12:46:02	DEBUG:		position: 65   	AA: E    	note: 52                  	time: 64   	duration: 1    
2018/07/24 12:46:02	DEBUG:			channel: 0    	volume: 60   
2018/07/24 12:46:02	DEBUG:			channel: 1    	volume: 40   
2018/07/24 12:46:02	DEBUG:			channel: 2    	volume: 100  
2018/07/24 12:46:02	DEBUG:		position: 66   	AA: I    	note: 60                  	time: 65   	duration: 1    
2018/07/24 12:46:02	DEBUG:			channel: 0    	volume: 60   
2018/07/24 12:46:02	DEBUG:			channel: 1    	volume: 40   
2018/07/24 12:46:02	DEBUG:			channel: 2    	volume: 100  
2018/07/24 12:46:02	DEBUG:		position: 67   	AA: I    	note: 60                  	time: 66   	duration: 1    
2018/07/24 12:46:02	DEBUG:			channel: 0    	volume: 60   
2018/07/24 12:46:02	DEBUG:			channel: 1    	volume: 40   
2018/07/24 12:46:02	DEBUG:			channel: 2    	volume: 100  
2018/07/24 12:46:02	DEBUG:		position: 68   	AA: V    	note: [50 , 52 , 55 , 58] 	time: 67   	duration: 1    
2018/07/24 12:46:02	DEBUG:			channel: 0    	volume: 60   
2018/07/24 12:46:02	DEBUG:			channel: 1    	volume: 40   
2018/07/24 12:46:02	DEBUG:			channel: 2    	volume: 100  
2018/07/24 12:46:02	DEBUG:		position: 69   	AA: K    	note: 62                  	time: 68   	duration: 1    
2018/07/24 12:46:02	DEBUG:			channel: 0    	volume: 60   
2018/07/24 12:46:02	DEBUG:			channel: 1    	volume: 40   
2018/07/24 12:46:02	DEBUG:			channel: 2    	volume: 100  
2018/07/24 12:46:02	DEBUG:		position: 70   	AA: L    	note: 63                  	time: 69   	duration: 1    
2018/07/24 12:46:02	DEBUG:			channel: 0    	volume: 60   
2018/07/24 12:46:02	DEBUG:			channel: 1    	volume: 40   
2018/07/24 12:46:02	DEBUG:			channel: 2    	volume: 100  
2018/07/24 12:46:02	DEBUG:	TURN:
2018/07/24 12:46:02	DEBUG:		position: 71   	AA: S    	note: [48 , 50 , 52 , 57] 	time: 70   	duration: 1    
2018/07/24 12:46:02	DEBUG:			channel: 0    	volume: 100  
2018/07/24 12:46:02	DEBUG:			channel: 1    	volume: 40   
2018/07/24 12:46:02	DEBUG:			channel: 2    	volume: 60   
2018/07/24 12:46:02	DEBUG:		position: 72   	AA: D    	note: 51                  	time: 71   	duration: 1    
2018/07/24 12:46:02	DEBUG:			channel: 0    	volume: 100  
2018/07/24 12:46:02	DEBUG:			channel: 1    	volume: 40   
2018/07/24 12:46:02	DEBUG:			channel: 2    	volume: 60   
2018/07/24 12:46:02	DEBUG:		position: 73   	AA: G    	note: 57                  	time: 72   	duration: 1    
2018/07/24 12:46:02	DEBUG:			channel: 0    	volume: 100  
2018/07/24 12:46:02	DEBUG:			channel: 1    	volume: 40   
2018/07/24 12:46:02	DEBUG:			channel: 2    	volume: 60   
2018/07/24 12:46:02	DEBUG:	FREE:
2018/07/24 12:46:02	DEBUG:		position: 74   	AA: R    	note: [48 , 51 , 55 , 58] 	time: 73   	duration: 1    
2018/07/24 12:46:02	DEBUG:			channel: 0    	volume: 50   
2018/07/24 12:46:02	DEBUG:			channel: 1    	volume: 50   
2018/07/24 12:46:02	DEBUG:			channel: 2    	volume: 50   
2018/07/24 12:46:02	DEBUG:	STRAND:
2018/07/24 12:46:02	DEBUG:		position: 75   	AA: E    	note: 52                  	time: 74   	duration: 1    
2018/07/24 12:46:02	DEBUG:			channel: 0    	volume: 60   
2018/07/24 12:46:02	DEBUG:			channel: 1    	volume: 40   
2018/07/24 12:46:02	DEBUG:			channel: 2    	volume: 100  
2018/07/24 12:46:02	DEBUG:		position: 76   	AA: L    	note: 63                  	time: 75   	duration: 1    
2018/07/24 12:46:02	DEBUG:			channel: 0    	volume: 60   
2018/07/24 12:46:02	DEBUG:			channel: 1    	volume: 40   
2018/07/24 12:46:02	DEBUG:			channel: 2    	volume: 100  
2018/07/24 12:46:02	DEBUG:		position: 77   	AA: C    	note: 50                  	time: 76   	duration: 1    
2018/07/24 12:46:02	DEBUG:			channel: 0    	volume: 60   
2018/07/24 12:46:02	DEBUG:			channel: 1    	volume: 40   
2018/07/24 12:46:02	DEBUG:			channel: 2    	volume: 100  
2018/07/24 12:46:02	DEBUG:		position: 78   	AA: L    	note: 63                  	time: 77   	duration: 1    
2018/07/24 12:46:02	DEBUG:			channel: 0    	volume: 60   
2018/07/24 12:46:02	DEBUG:			channel: 1    	volume: 40   
2018/07/24 12:46:02	DEBUG:			channel: 2    	volume: 100  
2018/07/24 12:46:02	DEBUG:	FREE:
2018/07/24 12:46:02	DEBUG:		position: 79   	AA: D    	note: 51                  	time: 78   	duration: 1    
2018/07/24 12:46:02	DEBUG:			channel: 0    	volume: 50   
2018/07/24 12:46:02	DEBUG:			channel: 1    	volume: 50   
2018/07/24 12:46:02	DEBUG:			channel: 2    	volume: 50   
2018/07/24 12:46:02	DEBUG:		position: 80   	AA: P    	note: 69                  	time: 79   	duration: 1    
2018/07/24 12:46:02	DEBUG:			channel: 0    	volume: 50   
2018/07/24 12:46:02	DEBUG:			channel: 1    	volume: 50   
2018/07/24 12:46:02	DEBUG:			channel: 2    	volume: 50   
2018/07/24 12:46:02	DEBUG:		position: 81   	AA: K    	note: 62                  	time: 80   	duration: 1    
2018/07/24 12:46:02	DEBUG:			channel: 0    	volume: 50   
2018/07/24 12:46:02	DEBUG:			channel: 1    	volume: 50   
2018/07/24 12:46:02	DEBUG:			channel: 2    	volume: 50   
2018/07/24 12:46:02	DEBUG:		position: 82   	AA: E    	note: 52                  	time: 81   	duration: 1    
2018/07/24 12:46:02	DEBUG:			channel: 0    	volume: 50   
2018/07/24 12:46:02	DEBUG:			channel: 1    	volume: 50   
2018/07/24 12:46:02	DEBUG:			channel: 2    	volume: 50   
2018/07/24 12:46:02	DEBUG:	HELIX:
2018/07/24 12:46:02	DEBUG:		position: 83   	AA: N    	note: 67                  	time: 82   	duration: 1    
2018/07/24 12:46:02	DEBUG:			channel: 0    	volume: 40   
2018/07/24 12:46:02	DEBUG:			channel: 1    	volume: 100  
2018/07/24 12:46:02	DEBUG:			channel: 2    	volume: 60   
2018/07/24 12:46:02	DEBUG:		position: 84   	AA: W    	note: [48 , 51 , 55 , 57] 	time: 83   	duration: 1    
2018/07/24 12:46:02	DEBUG:			channel: 0    	volume: 40   
2018/07/24 12:46:02	DEBUG:			channel: 1    	volume: 100  
2018/07/24 12:46:02	DEBUG:			channel: 2    	volume: 60   
2018/07/24 12:46:02	DEBUG:		position: 85   	AA: V    	note: [50 , 52 , 55 , 58] 	time: 84   	duration: 1    
2018/07/24 12:46:02	DEBUG:			channel: 0    	volume: 40   
2018/07/24 12:46:02	DEBUG:			channel: 1    	volume: 100  
2018/07/24 12:46:02	DEBUG:			channel: 2    	volume: 60   
2018/07/24 12:46:02	DEBUG:		position: 86   	AA: Q    	note: 70                  	time: 85   	duration: 1    
2018/07/24 12:46:02	DEBUG:			channel: 0    	volume: 40   
2018/07/24 12:46:02	DEBUG:			channel: 1    	volume: 100  
2018/07/24 12:46:02	DEBUG:			channel: 2    	volume: 60   
2018/07/24 12:46:02	DEBUG:		position: 87   	AA: R    	note: [48 , 51 , 55 , 58] 	time: 86   	duration: 1    
2018/07/24 12:46:02	DEBUG:			channel: 0    	volume: 40   
2018/07/24 12:46:02	DEBUG:			channel: 1    	volume: 100  
2018/07/24 12:46:02	DEBUG:			channel: 2    	volume: 60   
2018/07/24 12:46:02	DEBUG:		position: 88   	AA: V    	note: [50 , 52 , 55 , 58] 	time: 87   	duration: 1    
2018/07/24 12:46:02	DEBUG:			channel: 0    	volume: 40   
2018/07/24 12:46:02	DEBUG:			channel: 1    	volume: 100  
2018/07/24 12:46:02	DEBUG:			channel: 2    	volume: 60   
2018/07/24 12:46:02	DEBUG:		position: 89   	AA: V    	note: [50 , 52 , 55 , 58] 	time: 88   	duration: 1    
2018/07/24 12:46:02	DEBUG:			channel: 0    	volume: 40   
2018/07/24 12:46:02	DEBUG:			channel: 1    	volume: 100  
2018/07/24 12:46:02	DEBUG:			channel: 2    	volume: 60   
2018/07/24 12:46:02	DEBUG:		position: 90   	AA: E    	note: 52                  	time: 89   	duration: 1    
2018/07/24 12:46:02	DEBUG:			channel: 0    	volume: 40   
2018/07/24 12:46:02	DEBUG:			channel: 1    	volume: 100  
2018/07/24 12:46:02	DEBUG:			channel: 2    	volume: 60   
2018/07/24 12:46:02	DEBUG:		position: 91   	AA: K    	note: 62                  	time: 90   	duration: 1    
2018/07/24 12:46:02	DEBUG:			channel: 0    	volume: 40   
2018/07/24 12:46:02	DEBUG:			channel: 1    	volume: 100  
2018/07/24 12:46:02	DEBUG:			channel: 2    	volume: 60   
2018/07/24 12:46:02	DEBUG:		position: 92   	AA: F    	note: 55                  	time: 91   	duration: 1    
2018/07/24 12:46:02	DEBUG:			channel: 0    	volume: 40   
2018/07/24 12:46:02	DEBUG:			channel: 1    	volume: 100  
2018/07/24 12:46:02	DEBUG:			channel: 2    	volume: 60   
2018/07/24 12:46:02	DEBUG:		position: 93   	AA: L    	note: 63                  	time: 92   	duration: 1    
2018/07/24 12:46:02	DEBUG:			channel: 0    	volume: 40   
2018/07/24 12:46:02	DEBUG:			channel: 1    	volume: 100  
2018/07/24 12:46:02	DEBUG:			channel: 2    	volume: 60   
2018/07/24 12:46:02	DEBUG:		position: 94   	AA: K    	note: 62                  	time: 93   	duration: 1    
2018/07/24 12:46:02	DEBUG:			channel: 0    	volume: 40   
2018/07/24 12:46:02	DEBUG:			channel: 1    	volume: 100  
2018/07/24 12:46:02	DEBUG:			channel: 2    	volume: 60   
2018/07/24 12:46:02	DEBUG:		position: 95   	AA: R    	note: [48 , 51 , 55 , 58] 	time: 94   	duration: 1    
2018/07/24 12:46:02	DEBUG:			channel: 0    	volume: 40   
2018/07/24 12:46:02	DEBUG:			channel: 1    	volume: 100  
2018/07/24 12:46:02	DEBUG:			channel: 2    	volume: 60   
2018/07/24 12:46:02	DEBUG:		position: 96   	AA: A    	note: 48                  	time: 95   	duration: 1    
2018/07/24 12:46:02	DEBUG:			channel: 0    	volume: 40   
2018/07/24 12:46:02	DEBUG:			channel: 1    	volume: 100  
2018/07/24 12:46:02	DEBUG:			channel: 2    	volume: 60   
2018/07/24 12:46:02	DEBUG:		position: 97   	AA: E    	note: 52                  	time: 96   	duration: 1    
2018/07/24 12:46:02	DEBUG:			channel: 0    	volume: 40   
2018/07/24 12:46:02	DEBUG:			channel: 1    	volume: 100  
2018/07/24 12:46:02	DEBUG:			channel: 2    	volume: 60   
2018/07/24 12:46:02	DEBUG:	FREE:
2018/07/24 12:46:02	DEBUG:		position: 98   	AA: N    	note: 67                  	time: 97   	duration: 1    
2018/07/24 12:46:02	DEBUG:			channel: 0    	volume: 50   
2018/07/24 12:46:02	DEBUG:			channel: 1    	volume: 50   
2018/07/24 12:46:02	DEBUG:			channel: 2    	volume: 50   
